<?xml version="1.0" encoding="UTF-8"?>
<testsuite name="org.cresta.weather.EndpointTest" tests="1" skipped="0" failures="0" errors="0" timestamp="2022-05-31T09:11:30" hostname="Matts-MacBook-Pro.local" time="0.819">
  <properties/>
  <testcase name="shouldReturnBadRequestForNoLocation()" classname="org.cresta.weather.EndpointTest" time="0.819"/>
  <system-out><![CDATA[03:11:26.555 [Test worker] DEBUG org.springframework.test.context.BootstrapUtils - Instantiating CacheAwareContextLoaderDelegate from class [org.springframework.test.context.cache.DefaultCacheAwareContextLoaderDelegate]
03:11:26.567 [Test worker] DEBUG org.springframework.test.context.BootstrapUtils - Instantiating BootstrapContext using constructor [public org.springframework.test.context.support.DefaultBootstrapContext(java.lang.Class,org.springframework.test.context.CacheAwareContextLoaderDelegate)]
03:11:26.603 [Test worker] DEBUG org.springframework.test.context.BootstrapUtils - Instantiating TestContextBootstrapper for test class [org.cresta.weather.EndpointTest] from class [org.springframework.boot.test.context.SpringBootTestContextBootstrapper]
03:11:26.617 [Test worker] INFO org.springframework.boot.test.context.SpringBootTestContextBootstrapper - Neither @ContextConfiguration nor @ContextHierarchy found for test class [org.cresta.weather.EndpointTest], using SpringBootContextLoader
03:11:26.620 [Test worker] DEBUG org.springframework.test.context.support.AbstractContextLoader - Did not detect default resource location for test class [org.cresta.weather.EndpointTest]: class path resource [org/cresta/weather/EndpointTest-context.xml] does not exist
03:11:26.621 [Test worker] DEBUG org.springframework.test.context.support.AbstractContextLoader - Did not detect default resource location for test class [org.cresta.weather.EndpointTest]: class path resource [org/cresta/weather/EndpointTestContext.groovy] does not exist
03:11:26.621 [Test worker] INFO org.springframework.test.context.support.AbstractContextLoader - Could not detect default resource locations for test class [org.cresta.weather.EndpointTest]: no resource found for suffixes {-context.xml, Context.groovy}.
03:11:26.673 [Test worker] DEBUG org.springframework.test.context.support.ActiveProfilesUtils - Could not find an 'annotation declaring class' for annotation type [org.springframework.test.context.ActiveProfiles] and class [org.cresta.weather.EndpointTest]
03:11:26.829 [Test worker] DEBUG org.springframework.boot.test.context.SpringBootTestContextBootstrapper - @TestExecutionListeners is not present for class [org.cresta.weather.EndpointTest]: using defaults.
03:11:26.830 [Test worker] INFO org.springframework.boot.test.context.SpringBootTestContextBootstrapper - Loaded default TestExecutionListener class names from location [META-INF/spring.factories]: [org.springframework.boot.test.autoconfigure.restdocs.RestDocsTestExecutionListener, org.springframework.boot.test.autoconfigure.web.client.MockRestServiceServerResetTestExecutionListener, org.springframework.boot.test.autoconfigure.web.servlet.MockMvcPrintOnlyOnFailureTestExecutionListener, org.springframework.boot.test.autoconfigure.web.servlet.WebDriverTestExecutionListener, org.springframework.boot.test.autoconfigure.webservices.client.MockWebServiceServerTestExecutionListener, org.springframework.boot.test.mock.mockito.MockitoTestExecutionListener, org.springframework.boot.test.mock.mockito.ResetMocksTestExecutionListener, org.springframework.test.context.web.ServletTestExecutionListener, org.springframework.test.context.support.DirtiesContextBeforeModesTestExecutionListener, org.springframework.test.context.event.ApplicationEventsTestExecutionListener, org.springframework.test.context.support.DependencyInjectionTestExecutionListener, org.springframework.test.context.support.DirtiesContextTestExecutionListener, org.springframework.test.context.transaction.TransactionalTestExecutionListener, org.springframework.test.context.jdbc.SqlScriptsTestExecutionListener, org.springframework.test.context.event.EventPublishingTestExecutionListener]
03:11:26.853 [Test worker] INFO org.springframework.boot.test.context.SpringBootTestContextBootstrapper - Using TestExecutionListeners: [org.springframework.test.context.web.ServletTestExecutionListener@5ca17ab0, org.springframework.test.context.support.DirtiesContextBeforeModesTestExecutionListener@5a62b2a4, org.springframework.test.context.event.ApplicationEventsTestExecutionListener@1051817b, org.springframework.boot.test.mock.mockito.MockitoTestExecutionListener@35293c05, org.springframework.boot.test.autoconfigure.SpringBootDependencyInjectionTestExecutionListener@620aa4ea, org.springframework.test.context.support.DirtiesContextTestExecutionListener@2db2dd9d, org.springframework.test.context.transaction.TransactionalTestExecutionListener@3174cb09, org.springframework.test.context.jdbc.SqlScriptsTestExecutionListener@4d411036, org.springframework.test.context.event.EventPublishingTestExecutionListener@7adbd080, org.springframework.boot.test.autoconfigure.restdocs.RestDocsTestExecutionListener@41beb473, org.springframework.boot.test.autoconfigure.web.client.MockRestServiceServerResetTestExecutionListener@560513ce, org.springframework.boot.test.autoconfigure.web.servlet.MockMvcPrintOnlyOnFailureTestExecutionListener@13006998, org.springframework.boot.test.autoconfigure.web.servlet.WebDriverTestExecutionListener@37fbe4a8, org.springframework.boot.test.autoconfigure.webservices.client.MockWebServiceServerTestExecutionListener@352c308, org.springframework.boot.test.mock.mockito.ResetMocksTestExecutionListener@7d373bcf]
03:11:26.856 [Test worker] DEBUG org.springframework.test.context.support.AbstractDirtiesContextTestExecutionListener - Before test class: context [DefaultTestContext@30b34287 testClass = EndpointTest, testInstance = [null], testMethod = [null], testException = [null], mergedContextConfiguration = [WebMergedContextConfiguration@5489c777 testClass = EndpointTest, locations = '{}', classes = '{class org.cresta.weather.App}', contextInitializerClasses = '[]', activeProfiles = '{}', propertySourceLocations = '{}', propertySourceProperties = '{org.springframework.boot.test.context.SpringBootTestContextBootstrapper=true, server.port=0}', contextCustomizers = set[org.springframework.boot.test.autoconfigure.actuate.metrics.MetricsExportContextCustomizerFactory$DisableMetricExportContextCustomizer@4c398c80, org.springframework.boot.test.autoconfigure.properties.PropertyMappingContextCustomizer@0, org.springframework.boot.test.autoconfigure.web.servlet.WebDriverContextCustomizerFactory$Customizer@34997338, org.springframework.boot.test.context.filter.ExcludeFilterContextCustomizer@163d04ff, org.springframework.boot.test.json.DuplicateJsonObjectContextCustomizerFactory$DuplicateJsonObjectContextCustomizer@7e928e2f, org.springframework.boot.test.mock.mockito.MockitoContextCustomizer@0, org.springframework.boot.test.web.client.TestRestTemplateContextCustomizer@6821ea29, org.springframework.boot.test.context.SpringBootTestArgs@1, org.springframework.boot.test.context.SpringBootTestWebEnvironment@3b6d844d], resourceBasePath = 'src/main/webapp', contextLoader = 'org.springframework.boot.test.context.SpringBootContextLoader', parent = [null]], attributes = map['org.springframework.test.context.web.ServletTestExecutionListener.activateListener' -> false]], class annotated with @DirtiesContext [false] with mode [null].
03:11:26.871 [Test worker] DEBUG org.springframework.test.context.support.DependencyInjectionTestExecutionListener - Performing dependency injection for test context [[DefaultTestContext@30b34287 testClass = EndpointTest, testInstance = org.cresta.weather.EndpointTest@596df867, testMethod = [null], testException = [null], mergedContextConfiguration = [WebMergedContextConfiguration@5489c777 testClass = EndpointTest, locations = '{}', classes = '{class org.cresta.weather.App}', contextInitializerClasses = '[]', activeProfiles = '{}', propertySourceLocations = '{}', propertySourceProperties = '{org.springframework.boot.test.context.SpringBootTestContextBootstrapper=true, server.port=0}', contextCustomizers = set[org.springframework.boot.test.autoconfigure.actuate.metrics.MetricsExportContextCustomizerFactory$DisableMetricExportContextCustomizer@4c398c80, org.springframework.boot.test.autoconfigure.properties.PropertyMappingContextCustomizer@0, org.springframework.boot.test.autoconfigure.web.servlet.WebDriverContextCustomizerFactory$Customizer@34997338, org.springframework.boot.test.context.filter.ExcludeFilterContextCustomizer@163d04ff, org.springframework.boot.test.json.DuplicateJsonObjectContextCustomizerFactory$DuplicateJsonObjectContextCustomizer@7e928e2f, org.springframework.boot.test.mock.mockito.MockitoContextCustomizer@0, org.springframework.boot.test.web.client.TestRestTemplateContextCustomizer@6821ea29, org.springframework.boot.test.context.SpringBootTestArgs@1, org.springframework.boot.test.context.SpringBootTestWebEnvironment@3b6d844d], resourceBasePath = 'src/main/webapp', contextLoader = 'org.springframework.boot.test.context.SpringBootContextLoader', parent = [null]], attributes = map['org.springframework.test.context.web.ServletTestExecutionListener.activateListener' -> false, 'org.springframework.test.context.event.ApplicationEventsTestExecutionListener.recordApplicationEvents' -> false]]].

  .   ____          _            __ _ _
 /\\ / ___'_ __ _ _(_)_ __  __ _ \ \ \ \
( ( )\___ | '_ | '_| | '_ \/ _` | \ \ \ \
 \\/  ___)| |_)| | | | | || (_| |  ) ) ) )
  '  |____| .__|_| |_|_| |_\__, | / / / /
 =========|_|==============|___/=/_/_/_/
 :: Spring Boot ::                (v2.6.6)

2022-05-31 03:11:27.156  INFO 7820 --- [    Test worker] org.cresta.weather.EndpointTest          : Starting EndpointTest using Java 11.0.15 on Matts-MacBook-Pro.local with PID 7820 (started by mdegraffenreid in /Users/mdegraffenreid/Documents/GitHub/cresta-weather-java)
2022-05-31 03:11:27.157  INFO 7820 --- [    Test worker] org.cresta.weather.EndpointTest          : No active profile set, falling back to 1 default profile: "default"
2022-05-31 03:11:27.787  INFO 7820 --- [    Test worker] .s.d.r.c.RepositoryConfigurationDelegate : Bootstrapping Spring Data JPA repositories in DEFAULT mode.
2022-05-31 03:11:27.820  INFO 7820 --- [    Test worker] .s.d.r.c.RepositoryConfigurationDelegate : Finished Spring Data repository scanning in 27 ms. Found 1 JPA repository interfaces.
2022-05-31 03:11:28.343  INFO 7820 --- [    Test worker] o.s.b.w.embedded.tomcat.TomcatWebServer  : Tomcat initialized with port(s): 0 (http)
2022-05-31 03:11:28.352  INFO 7820 --- [    Test worker] o.apache.catalina.core.StandardService   : Starting service [Tomcat]
2022-05-31 03:11:28.353  INFO 7820 --- [    Test worker] org.apache.catalina.core.StandardEngine  : Starting Servlet engine: [Apache Tomcat/9.0.60]
2022-05-31 03:11:28.444  INFO 7820 --- [    Test worker] o.a.c.c.C.[Tomcat].[localhost].[/]       : Initializing Spring embedded WebApplicationContext
2022-05-31 03:11:28.444  INFO 7820 --- [    Test worker] w.s.c.ServletWebServerApplicationContext : Root WebApplicationContext: initialization completed in 1269 ms
2022-05-31 03:11:28.484  INFO 7820 --- [    Test worker] com.zaxxer.hikari.HikariDataSource       : HikariPool-1 - Starting...
2022-05-31 03:11:28.635  INFO 7820 --- [    Test worker] com.zaxxer.hikari.HikariDataSource       : HikariPool-1 - Start completed.
2022-05-31 03:11:28.648  INFO 7820 --- [    Test worker] o.s.b.a.h2.H2ConsoleAutoConfiguration    : H2 console available at '/h2-console'. Database available at 'jdbc:h2:mem:testdb'
2022-05-31 03:11:28.820  INFO 7820 --- [    Test worker] o.hibernate.jpa.internal.util.LogHelper  : HHH000204: Processing PersistenceUnitInfo [name: default]
2022-05-31 03:11:28.862  INFO 7820 --- [    Test worker] org.hibernate.Version                    : HHH000412: Hibernate ORM core version 5.6.7.Final
2022-05-31 03:11:29.017  INFO 7820 --- [    Test worker] o.hibernate.annotations.common.Version   : HCANN000001: Hibernate Commons Annotations {5.1.2.Final}
2022-05-31 03:11:29.106  INFO 7820 --- [    Test worker] org.hibernate.dialect.Dialect            : HHH000400: Using dialect: org.hibernate.dialect.H2Dialect
2022-05-31 03:11:29.617  INFO 7820 --- [    Test worker] o.h.e.t.j.p.i.JtaPlatformInitiator       : HHH000490: Using JtaPlatform implementation: [org.hibernate.engine.transaction.jta.platform.internal.NoJtaPlatform]
2022-05-31 03:11:29.625  INFO 7820 --- [    Test worker] j.LocalContainerEntityManagerFactoryBean : Initialized JPA EntityManagerFactory for persistence unit 'default'
2022-05-31 03:11:30.118  WARN 7820 --- [    Test worker] JpaBaseConfiguration$JpaWebConfiguration : spring.jpa.open-in-view is enabled by default. Therefore, database queries may be performed during view rendering. Explicitly configure spring.jpa.open-in-view to disable this warning
2022-05-31 03:11:30.490  INFO 7820 --- [    Test worker] o.s.b.w.embedded.tomcat.TomcatWebServer  : Tomcat started on port(s): 56380 (http) with context path ''
2022-05-31 03:11:30.498  INFO 7820 --- [    Test worker] org.cresta.weather.EndpointTest          : Started EndpointTest in 3.58 seconds (JVM running for 4.699)
2022-05-31 03:11:31.150  INFO 7820 --- [o-auto-1-exec-1] o.a.c.c.C.[Tomcat].[localhost].[/]       : Initializing Spring DispatcherServlet 'dispatcherServlet'
2022-05-31 03:11:31.150  INFO 7820 --- [o-auto-1-exec-1] o.s.web.servlet.DispatcherServlet        : Initializing Servlet 'dispatcherServlet'
2022-05-31 03:11:31.151  INFO 7820 --- [o-auto-1-exec-1] o.s.web.servlet.DispatcherServlet        : Completed initialization in 1 ms
2022-05-31 03:11:31.247  WARN 7820 --- [o-auto-1-exec-1] .w.s.m.s.DefaultHandlerExceptionResolver : Resolved [org.springframework.web.bind.MethodArgumentNotValidException: Validation failed for argument [0] in public org.springframework.http.ResponseEntity org.cresta.weather.controller.WeatherController.getWeather(org.cresta.weather.domain.WeatherRequest) throws java.io.IOException,java.lang.InterruptedException,com.google.maps.errors.ApiException: [Field error in object 'weatherRequest' on field 'location': rejected value [null]; codes [NotBlank.weatherRequest.location,NotBlank.location,NotBlank.java.lang.String,NotBlank]; arguments [org.springframework.context.support.DefaultMessageSourceResolvable: codes [weatherRequest.location,location]; arguments []; default message [location]]; default message [must not be blank]] ]
]]></system-out>
  <system-err><![CDATA[]]></system-err>
</testsuite>
