<?xml version="1.0" encoding="UTF-8"?>
<testsuite name="org.cresta.weather.EndpointTest" tests="1" skipped="0" failures="0" errors="0" timestamp="2022-05-31T08:58:08" hostname="Matts-MacBook-Pro.local" time="1.664">
  <properties/>
  <testcase name="shouldReturnElapsedTime()" classname="org.cresta.weather.EndpointTest" time="1.664"/>
  <system-out><![CDATA[02:58:04.645 [Test worker] DEBUG org.springframework.test.context.BootstrapUtils - Instantiating CacheAwareContextLoaderDelegate from class [org.springframework.test.context.cache.DefaultCacheAwareContextLoaderDelegate]
02:58:04.652 [Test worker] DEBUG org.springframework.test.context.BootstrapUtils - Instantiating BootstrapContext using constructor [public org.springframework.test.context.support.DefaultBootstrapContext(java.lang.Class,org.springframework.test.context.CacheAwareContextLoaderDelegate)]
02:58:04.678 [Test worker] DEBUG org.springframework.test.context.BootstrapUtils - Instantiating TestContextBootstrapper for test class [org.cresta.weather.EndpointTest] from class [org.springframework.boot.test.context.SpringBootTestContextBootstrapper]
02:58:04.687 [Test worker] INFO org.springframework.boot.test.context.SpringBootTestContextBootstrapper - Neither @ContextConfiguration nor @ContextHierarchy found for test class [org.cresta.weather.EndpointTest], using SpringBootContextLoader
02:58:04.690 [Test worker] DEBUG org.springframework.test.context.support.AbstractContextLoader - Did not detect default resource location for test class [org.cresta.weather.EndpointTest]: class path resource [org/cresta/weather/EndpointTest-context.xml] does not exist
02:58:04.690 [Test worker] DEBUG org.springframework.test.context.support.AbstractContextLoader - Did not detect default resource location for test class [org.cresta.weather.EndpointTest]: class path resource [org/cresta/weather/EndpointTestContext.groovy] does not exist
02:58:04.691 [Test worker] INFO org.springframework.test.context.support.AbstractContextLoader - Could not detect default resource locations for test class [org.cresta.weather.EndpointTest]: no resource found for suffixes {-context.xml, Context.groovy}.
02:58:04.727 [Test worker] DEBUG org.springframework.test.context.support.ActiveProfilesUtils - Could not find an 'annotation declaring class' for annotation type [org.springframework.test.context.ActiveProfiles] and class [org.cresta.weather.EndpointTest]
02:58:04.820 [Test worker] DEBUG org.springframework.boot.test.context.SpringBootTestContextBootstrapper - @TestExecutionListeners is not present for class [org.cresta.weather.EndpointTest]: using defaults.
02:58:04.820 [Test worker] INFO org.springframework.boot.test.context.SpringBootTestContextBootstrapper - Loaded default TestExecutionListener class names from location [META-INF/spring.factories]: [org.springframework.boot.test.autoconfigure.restdocs.RestDocsTestExecutionListener, org.springframework.boot.test.autoconfigure.web.client.MockRestServiceServerResetTestExecutionListener, org.springframework.boot.test.autoconfigure.web.servlet.MockMvcPrintOnlyOnFailureTestExecutionListener, org.springframework.boot.test.autoconfigure.web.servlet.WebDriverTestExecutionListener, org.springframework.boot.test.autoconfigure.webservices.client.MockWebServiceServerTestExecutionListener, org.springframework.boot.test.mock.mockito.MockitoTestExecutionListener, org.springframework.boot.test.mock.mockito.ResetMocksTestExecutionListener, org.springframework.test.context.web.ServletTestExecutionListener, org.springframework.test.context.support.DirtiesContextBeforeModesTestExecutionListener, org.springframework.test.context.event.ApplicationEventsTestExecutionListener, org.springframework.test.context.support.DependencyInjectionTestExecutionListener, org.springframework.test.context.support.DirtiesContextTestExecutionListener, org.springframework.test.context.transaction.TransactionalTestExecutionListener, org.springframework.test.context.jdbc.SqlScriptsTestExecutionListener, org.springframework.test.context.event.EventPublishingTestExecutionListener]
02:58:04.836 [Test worker] INFO org.springframework.boot.test.context.SpringBootTestContextBootstrapper - Using TestExecutionListeners: [org.springframework.test.context.web.ServletTestExecutionListener@f713686, org.springframework.test.context.support.DirtiesContextBeforeModesTestExecutionListener@74f7d1d2, org.springframework.test.context.event.ApplicationEventsTestExecutionListener@4b4dd216, org.springframework.boot.test.mock.mockito.MockitoTestExecutionListener@5ca17ab0, org.springframework.boot.test.autoconfigure.SpringBootDependencyInjectionTestExecutionListener@5a62b2a4, org.springframework.test.context.support.DirtiesContextTestExecutionListener@1051817b, org.springframework.test.context.transaction.TransactionalTestExecutionListener@35293c05, org.springframework.test.context.jdbc.SqlScriptsTestExecutionListener@620aa4ea, org.springframework.test.context.event.EventPublishingTestExecutionListener@2db2dd9d, org.springframework.boot.test.autoconfigure.restdocs.RestDocsTestExecutionListener@3174cb09, org.springframework.boot.test.autoconfigure.web.client.MockRestServiceServerResetTestExecutionListener@4d411036, org.springframework.boot.test.autoconfigure.web.servlet.MockMvcPrintOnlyOnFailureTestExecutionListener@7adbd080, org.springframework.boot.test.autoconfigure.web.servlet.WebDriverTestExecutionListener@41beb473, org.springframework.boot.test.autoconfigure.webservices.client.MockWebServiceServerTestExecutionListener@560513ce, org.springframework.boot.test.mock.mockito.ResetMocksTestExecutionListener@13006998]
02:58:04.839 [Test worker] DEBUG org.springframework.test.context.support.AbstractDirtiesContextTestExecutionListener - Before test class: context [DefaultTestContext@5c77053b testClass = EndpointTest, testInstance = [null], testMethod = [null], testException = [null], mergedContextConfiguration = [WebMergedContextConfiguration@26b894bd testClass = EndpointTest, locations = '{}', classes = '{class org.cresta.weather.App}', contextInitializerClasses = '[]', activeProfiles = '{}', propertySourceLocations = '{}', propertySourceProperties = '{org.springframework.boot.test.context.SpringBootTestContextBootstrapper=true, server.port=0}', contextCustomizers = set[org.springframework.boot.test.autoconfigure.actuate.metrics.MetricsExportContextCustomizerFactory$DisableMetricExportContextCustomizer@25b2cfcb, org.springframework.boot.test.autoconfigure.properties.PropertyMappingContextCustomizer@0, org.springframework.boot.test.autoconfigure.web.servlet.WebDriverContextCustomizerFactory$Customizer@4504d271, org.springframework.boot.test.context.filter.ExcludeFilterContextCustomizer@2b5825fa, org.springframework.boot.test.json.DuplicateJsonObjectContextCustomizerFactory$DuplicateJsonObjectContextCustomizer@163d04ff, org.springframework.boot.test.mock.mockito.MockitoContextCustomizer@0, org.springframework.boot.test.web.client.TestRestTemplateContextCustomizer@79145d5a, org.springframework.boot.test.context.SpringBootTestArgs@1, org.springframework.boot.test.context.SpringBootTestWebEnvironment@3bcd05cb], resourceBasePath = 'src/main/webapp', contextLoader = 'org.springframework.boot.test.context.SpringBootContextLoader', parent = [null]], attributes = map['org.springframework.test.context.web.ServletTestExecutionListener.activateListener' -> false]], class annotated with @DirtiesContext [false] with mode [null].
02:58:04.849 [Test worker] DEBUG org.springframework.test.context.support.DependencyInjectionTestExecutionListener - Performing dependency injection for test context [[DefaultTestContext@5c77053b testClass = EndpointTest, testInstance = org.cresta.weather.EndpointTest@5bd1ceca, testMethod = [null], testException = [null], mergedContextConfiguration = [WebMergedContextConfiguration@26b894bd testClass = EndpointTest, locations = '{}', classes = '{class org.cresta.weather.App}', contextInitializerClasses = '[]', activeProfiles = '{}', propertySourceLocations = '{}', propertySourceProperties = '{org.springframework.boot.test.context.SpringBootTestContextBootstrapper=true, server.port=0}', contextCustomizers = set[org.springframework.boot.test.autoconfigure.actuate.metrics.MetricsExportContextCustomizerFactory$DisableMetricExportContextCustomizer@25b2cfcb, org.springframework.boot.test.autoconfigure.properties.PropertyMappingContextCustomizer@0, org.springframework.boot.test.autoconfigure.web.servlet.WebDriverContextCustomizerFactory$Customizer@4504d271, org.springframework.boot.test.context.filter.ExcludeFilterContextCustomizer@2b5825fa, org.springframework.boot.test.json.DuplicateJsonObjectContextCustomizerFactory$DuplicateJsonObjectContextCustomizer@163d04ff, org.springframework.boot.test.mock.mockito.MockitoContextCustomizer@0, org.springframework.boot.test.web.client.TestRestTemplateContextCustomizer@79145d5a, org.springframework.boot.test.context.SpringBootTestArgs@1, org.springframework.boot.test.context.SpringBootTestWebEnvironment@3bcd05cb], resourceBasePath = 'src/main/webapp', contextLoader = 'org.springframework.boot.test.context.SpringBootContextLoader', parent = [null]], attributes = map['org.springframework.test.context.web.ServletTestExecutionListener.activateListener' -> false, 'org.springframework.test.context.event.ApplicationEventsTestExecutionListener.recordApplicationEvents' -> false]]].

  .   ____          _            __ _ _
 /\\ / ___'_ __ _ _(_)_ __  __ _ \ \ \ \
( ( )\___ | '_ | '_| | '_ \/ _` | \ \ \ \
 \\/  ___)| |_)| | | | | || (_| |  ) ) ) )
  '  |____| .__|_| |_|_| |_\__, | / / / /
 =========|_|==============|___/=/_/_/_/
 :: Spring Boot ::                (v2.6.6)

2022-05-31 02:58:05.140  INFO 6686 --- [    Test worker] org.cresta.weather.EndpointTest          : Starting EndpointTest using Java 11.0.15 on Matts-MacBook-Pro.local with PID 6686 (started by mdegraffenreid in /Users/mdegraffenreid/Documents/GitHub/cresta-weather-java)
2022-05-31 02:58:05.141  INFO 6686 --- [    Test worker] org.cresta.weather.EndpointTest          : No active profile set, falling back to 1 default profile: "default"
2022-05-31 02:58:05.633  INFO 6686 --- [    Test worker] .s.d.r.c.RepositoryConfigurationDelegate : Bootstrapping Spring Data JPA repositories in DEFAULT mode.
2022-05-31 02:58:05.665  INFO 6686 --- [    Test worker] .s.d.r.c.RepositoryConfigurationDelegate : Finished Spring Data repository scanning in 27 ms. Found 1 JPA repository interfaces.
2022-05-31 02:58:06.153  INFO 6686 --- [    Test worker] o.s.b.w.embedded.tomcat.TomcatWebServer  : Tomcat initialized with port(s): 0 (http)
2022-05-31 02:58:06.162  INFO 6686 --- [    Test worker] o.apache.catalina.core.StandardService   : Starting service [Tomcat]
2022-05-31 02:58:06.162  INFO 6686 --- [    Test worker] org.apache.catalina.core.StandardEngine  : Starting Servlet engine: [Apache Tomcat/9.0.60]
2022-05-31 02:58:06.244  INFO 6686 --- [    Test worker] o.a.c.c.C.[Tomcat].[localhost].[/]       : Initializing Spring embedded WebApplicationContext
2022-05-31 02:58:06.244  INFO 6686 --- [    Test worker] w.s.c.ServletWebServerApplicationContext : Root WebApplicationContext: initialization completed in 1084 ms
2022-05-31 02:58:06.282  INFO 6686 --- [    Test worker] com.zaxxer.hikari.HikariDataSource       : HikariPool-1 - Starting...
2022-05-31 02:58:06.420  INFO 6686 --- [    Test worker] com.zaxxer.hikari.HikariDataSource       : HikariPool-1 - Start completed.
2022-05-31 02:58:06.431  INFO 6686 --- [    Test worker] o.s.b.a.h2.H2ConsoleAutoConfiguration    : H2 console available at '/h2-console'. Database available at 'jdbc:h2:mem:testdb'
2022-05-31 02:58:06.644  INFO 6686 --- [    Test worker] o.hibernate.jpa.internal.util.LogHelper  : HHH000204: Processing PersistenceUnitInfo [name: default]
2022-05-31 02:58:06.687  INFO 6686 --- [    Test worker] org.hibernate.Version                    : HHH000412: Hibernate ORM core version 5.6.7.Final
2022-05-31 02:58:06.846  INFO 6686 --- [    Test worker] o.hibernate.annotations.common.Version   : HCANN000001: Hibernate Commons Annotations {5.1.2.Final}
2022-05-31 02:58:06.944  INFO 6686 --- [    Test worker] org.hibernate.dialect.Dialect            : HHH000400: Using dialect: org.hibernate.dialect.H2Dialect
2022-05-31 02:58:07.437  INFO 6686 --- [    Test worker] o.h.e.t.j.p.i.JtaPlatformInitiator       : HHH000490: Using JtaPlatform implementation: [org.hibernate.engine.transaction.jta.platform.internal.NoJtaPlatform]
2022-05-31 02:58:07.443  INFO 6686 --- [    Test worker] j.LocalContainerEntityManagerFactoryBean : Initialized JPA EntityManagerFactory for persistence unit 'default'
2022-05-31 02:58:07.927  WARN 6686 --- [    Test worker] JpaBaseConfiguration$JpaWebConfiguration : spring.jpa.open-in-view is enabled by default. Therefore, database queries may be performed during view rendering. Explicitly configure spring.jpa.open-in-view to disable this warning
2022-05-31 02:58:08.321  INFO 6686 --- [    Test worker] o.s.b.w.embedded.tomcat.TomcatWebServer  : Tomcat started on port(s): 55618 (http) with context path ''
2022-05-31 02:58:08.341  INFO 6686 --- [    Test worker] org.cresta.weather.EndpointTest          : Started EndpointTest in 3.463 seconds (JVM running for 4.391)
2022-05-31 02:58:08.976  INFO 6686 --- [o-auto-1-exec-1] o.a.c.c.C.[Tomcat].[localhost].[/]       : Initializing Spring DispatcherServlet 'dispatcherServlet'
2022-05-31 02:58:08.976  INFO 6686 --- [o-auto-1-exec-1] o.s.web.servlet.DispatcherServlet        : Initializing Servlet 'dispatcherServlet'
2022-05-31 02:58:08.977  INFO 6686 --- [o-auto-1-exec-1] o.s.web.servlet.DispatcherServlet        : Completed initialization in 0 ms
2022-05-31 02:58:09.765  INFO 6686 --- [o-auto-1-exec-1] o.cresta.weather.service.WeatherService  : Saving: Weather[user_id=John Doe, temp='45.32', feels_like='45.32', pressure='1011.00', humidity='52.00']
2022-05-31 02:58:09.946  INFO 6686 --- [o-auto-1-exec-2] org.cresta.weather.service.TimeService   : Retrieved: Weather[user_id=John Doe, temp='45.32', feels_like='45.32', pressure='1011.00', humidity='52.00']
]]></system-out>
  <system-err><![CDATA[]]></system-err>
</testsuite>
