<?xml version="1.0" encoding="UTF-8"?>
<testsuite name="org.cresta.weather.controller.WeatherControllerTest" tests="2" skipped="0" failures="0" errors="0" timestamp="2022-06-01T06:36:06" hostname="Matts-MacBook-Pro.local" time="0.124">
  <properties/>
  <testcase name="givenNoUserSuppliedWhenGettingElapsedTimeShouldReturnErrorResponse()" classname="org.cresta.weather.controller.WeatherControllerTest" time="0.118"/>
  <testcase name="contextLoads()" classname="org.cresta.weather.controller.WeatherControllerTest" time="0.004"/>
  <system-out><![CDATA[00:36:01.690 [Test worker] DEBUG org.springframework.test.context.BootstrapUtils - Instantiating CacheAwareContextLoaderDelegate from class [org.springframework.test.context.cache.DefaultCacheAwareContextLoaderDelegate]
00:36:01.704 [Test worker] DEBUG org.springframework.test.context.BootstrapUtils - Instantiating BootstrapContext using constructor [public org.springframework.test.context.support.DefaultBootstrapContext(java.lang.Class,org.springframework.test.context.CacheAwareContextLoaderDelegate)]
00:36:01.736 [Test worker] DEBUG org.springframework.test.context.BootstrapUtils - Instantiating TestContextBootstrapper for test class [org.cresta.weather.controller.WeatherControllerTest] from class [org.springframework.boot.test.context.SpringBootTestContextBootstrapper]
00:36:01.748 [Test worker] INFO org.springframework.boot.test.context.SpringBootTestContextBootstrapper - Neither @ContextConfiguration nor @ContextHierarchy found for test class [org.cresta.weather.controller.WeatherControllerTest], using SpringBootContextLoader
00:36:01.751 [Test worker] DEBUG org.springframework.test.context.support.AbstractContextLoader - Did not detect default resource location for test class [org.cresta.weather.controller.WeatherControllerTest]: class path resource [org/cresta/weather/controller/WeatherControllerTest-context.xml] does not exist
00:36:01.751 [Test worker] DEBUG org.springframework.test.context.support.AbstractContextLoader - Did not detect default resource location for test class [org.cresta.weather.controller.WeatherControllerTest]: class path resource [org/cresta/weather/controller/WeatherControllerTestContext.groovy] does not exist
00:36:01.751 [Test worker] INFO org.springframework.test.context.support.AbstractContextLoader - Could not detect default resource locations for test class [org.cresta.weather.controller.WeatherControllerTest]: no resource found for suffixes {-context.xml, Context.groovy}.
00:36:01.752 [Test worker] INFO org.springframework.test.context.support.AnnotationConfigContextLoaderUtils - Could not detect default configuration classes for test class [org.cresta.weather.controller.WeatherControllerTest]: WeatherControllerTest does not declare any static, non-private, non-final, nested classes annotated with @Configuration.
00:36:01.802 [Test worker] DEBUG org.springframework.test.context.support.ActiveProfilesUtils - Could not find an 'annotation declaring class' for annotation type [org.springframework.test.context.ActiveProfiles] and class [org.cresta.weather.controller.WeatherControllerTest]
00:36:01.870 [Test worker] DEBUG org.springframework.context.annotation.ClassPathScanningCandidateComponentProvider - Identified candidate component class: file [/Users/mdegraffenreid/Documents/GitHub/cresta-weather-java/build/classes/java/main/org/cresta/weather/App.class]
00:36:01.871 [Test worker] INFO org.springframework.boot.test.context.SpringBootTestContextBootstrapper - Found @SpringBootConfiguration org.cresta.weather.App for test class org.cresta.weather.controller.WeatherControllerTest
00:36:01.980 [Test worker] DEBUG org.springframework.boot.test.context.SpringBootTestContextBootstrapper - @TestExecutionListeners is not present for class [org.cresta.weather.controller.WeatherControllerTest]: using defaults.
00:36:01.980 [Test worker] INFO org.springframework.boot.test.context.SpringBootTestContextBootstrapper - Loaded default TestExecutionListener class names from location [META-INF/spring.factories]: [org.springframework.boot.test.autoconfigure.restdocs.RestDocsTestExecutionListener, org.springframework.boot.test.autoconfigure.web.client.MockRestServiceServerResetTestExecutionListener, org.springframework.boot.test.autoconfigure.web.servlet.MockMvcPrintOnlyOnFailureTestExecutionListener, org.springframework.boot.test.autoconfigure.web.servlet.WebDriverTestExecutionListener, org.springframework.boot.test.autoconfigure.webservices.client.MockWebServiceServerTestExecutionListener, org.springframework.boot.test.mock.mockito.MockitoTestExecutionListener, org.springframework.boot.test.mock.mockito.ResetMocksTestExecutionListener, org.springframework.test.context.web.ServletTestExecutionListener, org.springframework.test.context.support.DirtiesContextBeforeModesTestExecutionListener, org.springframework.test.context.event.ApplicationEventsTestExecutionListener, org.springframework.test.context.support.DependencyInjectionTestExecutionListener, org.springframework.test.context.support.DirtiesContextTestExecutionListener, org.springframework.test.context.transaction.TransactionalTestExecutionListener, org.springframework.test.context.jdbc.SqlScriptsTestExecutionListener, org.springframework.test.context.event.EventPublishingTestExecutionListener]
00:36:01.996 [Test worker] INFO org.springframework.boot.test.context.SpringBootTestContextBootstrapper - Using TestExecutionListeners: [org.springframework.test.context.web.ServletTestExecutionListener@41e68d87, org.springframework.test.context.support.DirtiesContextBeforeModesTestExecutionListener@49ff7d8c, org.springframework.test.context.event.ApplicationEventsTestExecutionListener@29526c05, org.springframework.boot.test.mock.mockito.MockitoTestExecutionListener@2ef14fe, org.springframework.boot.test.autoconfigure.SpringBootDependencyInjectionTestExecutionListener@77102b91, org.springframework.test.context.support.DirtiesContextTestExecutionListener@45312be2, org.springframework.test.context.transaction.TransactionalTestExecutionListener@7fb95505, org.springframework.test.context.jdbc.SqlScriptsTestExecutionListener@58be6e8, org.springframework.test.context.event.EventPublishingTestExecutionListener@7331196b, org.springframework.boot.test.autoconfigure.restdocs.RestDocsTestExecutionListener@3f9342d4, org.springframework.boot.test.autoconfigure.web.client.MockRestServiceServerResetTestExecutionListener@ab7395e, org.springframework.boot.test.autoconfigure.web.servlet.MockMvcPrintOnlyOnFailureTestExecutionListener@50d13246, org.springframework.boot.test.autoconfigure.web.servlet.WebDriverTestExecutionListener@2bd08376, org.springframework.boot.test.autoconfigure.webservices.client.MockWebServiceServerTestExecutionListener@e70f13a, org.springframework.boot.test.mock.mockito.ResetMocksTestExecutionListener@3d3e5463]
00:36:01.999 [Test worker] DEBUG org.springframework.test.context.support.AbstractDirtiesContextTestExecutionListener - Before test class: context [DefaultTestContext@1b84f475 testClass = WeatherControllerTest, testInstance = [null], testMethod = [null], testException = [null], mergedContextConfiguration = [WebMergedContextConfiguration@7749bf93 testClass = WeatherControllerTest, locations = '{}', classes = '{class org.cresta.weather.App}', contextInitializerClasses = '[]', activeProfiles = '{}', propertySourceLocations = '{}', propertySourceProperties = '{org.springframework.boot.test.context.SpringBootTestContextBootstrapper=true}', contextCustomizers = set[org.springframework.boot.test.autoconfigure.actuate.metrics.MetricsExportContextCustomizerFactory$DisableMetricExportContextCustomizer@3f191845, org.springframework.boot.test.autoconfigure.properties.PropertyMappingContextCustomizer@0, org.springframework.boot.test.autoconfigure.web.servlet.WebDriverContextCustomizerFactory$Customizer@2767e23c, org.springframework.boot.test.context.filter.ExcludeFilterContextCustomizer@1caa0244, org.springframework.boot.test.json.DuplicateJsonObjectContextCustomizerFactory$DuplicateJsonObjectContextCustomizer@1750fbeb, org.springframework.boot.test.mock.mockito.MockitoContextCustomizer@0, org.springframework.boot.test.web.client.TestRestTemplateContextCustomizer@4082ba93, org.springframework.boot.test.context.SpringBootTestArgs@1, org.springframework.boot.test.context.SpringBootTestWebEnvironment@2805c96b], resourceBasePath = 'src/main/webapp', contextLoader = 'org.springframework.boot.test.context.SpringBootContextLoader', parent = [null]], attributes = map['org.springframework.test.context.web.ServletTestExecutionListener.activateListener' -> true]], class annotated with @DirtiesContext [false] with mode [null].

  .   ____          _            __ _ _
 /\\ / ___'_ __ _ _(_)_ __  __ _ \ \ \ \
( ( )\___ | '_ | '_| | '_ \/ _` | \ \ \ \
 \\/  ___)| |_)| | | | | || (_| |  ) ) ) )
  '  |____| .__|_| |_|_| |_\__, | / / / /
 =========|_|==============|___/=/_/_/_/
 :: Spring Boot ::                (v2.6.6)

2022-06-01 00:36:02.373  INFO 29712 --- [    Test worker] o.c.w.controller.WeatherControllerTest   : Starting WeatherControllerTest using Java 1.8.0_302 on Matts-MacBook-Pro.local with PID 29712 (started by mdegraffenreid in /Users/mdegraffenreid/Documents/GitHub/cresta-weather-java)
2022-06-01 00:36:02.374  INFO 29712 --- [    Test worker] o.c.w.controller.WeatherControllerTest   : No active profile set, falling back to 1 default profile: "default"
2022-06-01 00:36:02.898  INFO 29712 --- [    Test worker] .s.d.r.c.RepositoryConfigurationDelegate : Bootstrapping Spring Data JPA repositories in DEFAULT mode.
2022-06-01 00:36:02.936  INFO 29712 --- [    Test worker] .s.d.r.c.RepositoryConfigurationDelegate : Finished Spring Data repository scanning in 31 ms. Found 1 JPA repository interfaces.
2022-06-01 00:36:03.394  INFO 29712 --- [    Test worker] com.zaxxer.hikari.HikariDataSource       : HikariPool-1 - Starting...
2022-06-01 00:36:03.597  INFO 29712 --- [    Test worker] com.zaxxer.hikari.HikariDataSource       : HikariPool-1 - Start completed.
2022-06-01 00:36:03.651  INFO 29712 --- [    Test worker] o.hibernate.jpa.internal.util.LogHelper  : HHH000204: Processing PersistenceUnitInfo [name: default]
2022-06-01 00:36:03.694  INFO 29712 --- [    Test worker] org.hibernate.Version                    : HHH000412: Hibernate ORM core version 5.6.7.Final
2022-06-01 00:36:03.919  INFO 29712 --- [    Test worker] o.hibernate.annotations.common.Version   : HCANN000001: Hibernate Commons Annotations {5.1.2.Final}
2022-06-01 00:36:04.014  INFO 29712 --- [    Test worker] org.hibernate.dialect.Dialect            : HHH000400: Using dialect: org.hibernate.dialect.H2Dialect
2022-06-01 00:36:04.553  INFO 29712 --- [    Test worker] o.h.e.t.j.p.i.JtaPlatformInitiator       : HHH000490: Using JtaPlatform implementation: [org.hibernate.engine.transaction.jta.platform.internal.NoJtaPlatform]
2022-06-01 00:36:04.560  INFO 29712 --- [    Test worker] j.LocalContainerEntityManagerFactoryBean : Initialized JPA EntityManagerFactory for persistence unit 'default'
2022-06-01 00:36:05.398  WARN 29712 --- [    Test worker] JpaBaseConfiguration$JpaWebConfiguration : spring.jpa.open-in-view is enabled by default. Therefore, database queries may be performed during view rendering. Explicitly configure spring.jpa.open-in-view to disable this warning
2022-06-01 00:36:05.544  INFO 29712 --- [    Test worker] o.s.b.a.h2.H2ConsoleAutoConfiguration    : H2 console available at '/h2-console'. Database available at 'jdbc:h2:mem:weatherDB'
2022-06-01 00:36:05.868  INFO 29712 --- [    Test worker] o.c.w.controller.WeatherControllerTest   : Started WeatherControllerTest in 3.806 seconds (JVM running for 4.906)
]]></system-out>
  <system-err><![CDATA[]]></system-err>
</testsuite>
