<?xml version="1.0" encoding="UTF-8"?>
<testsuite name="org.cresta.weather.controller.WeatherControllerTest" tests="1" skipped="0" failures="0" errors="0" timestamp="2022-05-31T02:02:04" hostname="Matts-MacBook-Pro.local" time="0.129">
  <properties/>
  <testcase name="contextLoads()" classname="org.cresta.weather.controller.WeatherControllerTest" time="0.129"/>
  <system-out><![CDATA[20:01:59.361 [Test worker] DEBUG org.springframework.test.context.BootstrapUtils - Instantiating CacheAwareContextLoaderDelegate from class [org.springframework.test.context.cache.DefaultCacheAwareContextLoaderDelegate]
20:01:59.375 [Test worker] DEBUG org.springframework.test.context.BootstrapUtils - Instantiating BootstrapContext using constructor [public org.springframework.test.context.support.DefaultBootstrapContext(java.lang.Class,org.springframework.test.context.CacheAwareContextLoaderDelegate)]
20:01:59.418 [Test worker] DEBUG org.springframework.test.context.BootstrapUtils - Instantiating TestContextBootstrapper for test class [org.cresta.weather.controller.WeatherControllerTest] from class [org.springframework.boot.test.context.SpringBootTestContextBootstrapper]
20:01:59.435 [Test worker] INFO org.springframework.boot.test.context.SpringBootTestContextBootstrapper - Neither @ContextConfiguration nor @ContextHierarchy found for test class [org.cresta.weather.controller.WeatherControllerTest], using SpringBootContextLoader
20:01:59.440 [Test worker] DEBUG org.springframework.test.context.support.AbstractContextLoader - Did not detect default resource location for test class [org.cresta.weather.controller.WeatherControllerTest]: class path resource [org/cresta/weather/controller/WeatherControllerTest-context.xml] does not exist
20:01:59.440 [Test worker] DEBUG org.springframework.test.context.support.AbstractContextLoader - Did not detect default resource location for test class [org.cresta.weather.controller.WeatherControllerTest]: class path resource [org/cresta/weather/controller/WeatherControllerTestContext.groovy] does not exist
20:01:59.441 [Test worker] INFO org.springframework.test.context.support.AbstractContextLoader - Could not detect default resource locations for test class [org.cresta.weather.controller.WeatherControllerTest]: no resource found for suffixes {-context.xml, Context.groovy}.
20:01:59.442 [Test worker] INFO org.springframework.test.context.support.AnnotationConfigContextLoaderUtils - Could not detect default configuration classes for test class [org.cresta.weather.controller.WeatherControllerTest]: WeatherControllerTest does not declare any static, non-private, non-final, nested classes annotated with @Configuration.
20:01:59.508 [Test worker] DEBUG org.springframework.test.context.support.ActiveProfilesUtils - Could not find an 'annotation declaring class' for annotation type [org.springframework.test.context.ActiveProfiles] and class [org.cresta.weather.controller.WeatherControllerTest]
20:01:59.598 [Test worker] DEBUG org.springframework.context.annotation.ClassPathScanningCandidateComponentProvider - Identified candidate component class: file [/Users/mdegraffenreid/Documents/GitHub/cresta-weather-java/build/classes/java/main/org/cresta/weather/App.class]
20:01:59.599 [Test worker] INFO org.springframework.boot.test.context.SpringBootTestContextBootstrapper - Found @SpringBootConfiguration org.cresta.weather.App for test class org.cresta.weather.controller.WeatherControllerTest
20:01:59.736 [Test worker] DEBUG org.springframework.boot.test.context.SpringBootTestContextBootstrapper - @TestExecutionListeners is not present for class [org.cresta.weather.controller.WeatherControllerTest]: using defaults.
20:01:59.737 [Test worker] INFO org.springframework.boot.test.context.SpringBootTestContextBootstrapper - Loaded default TestExecutionListener class names from location [META-INF/spring.factories]: [org.springframework.boot.test.autoconfigure.restdocs.RestDocsTestExecutionListener, org.springframework.boot.test.autoconfigure.web.client.MockRestServiceServerResetTestExecutionListener, org.springframework.boot.test.autoconfigure.web.servlet.MockMvcPrintOnlyOnFailureTestExecutionListener, org.springframework.boot.test.autoconfigure.web.servlet.WebDriverTestExecutionListener, org.springframework.boot.test.autoconfigure.webservices.client.MockWebServiceServerTestExecutionListener, org.springframework.boot.test.mock.mockito.MockitoTestExecutionListener, org.springframework.boot.test.mock.mockito.ResetMocksTestExecutionListener, org.springframework.test.context.web.ServletTestExecutionListener, org.springframework.test.context.support.DirtiesContextBeforeModesTestExecutionListener, org.springframework.test.context.event.ApplicationEventsTestExecutionListener, org.springframework.test.context.support.DependencyInjectionTestExecutionListener, org.springframework.test.context.support.DirtiesContextTestExecutionListener, org.springframework.test.context.transaction.TransactionalTestExecutionListener, org.springframework.test.context.jdbc.SqlScriptsTestExecutionListener, org.springframework.test.context.event.EventPublishingTestExecutionListener]
20:01:59.760 [Test worker] INFO org.springframework.boot.test.context.SpringBootTestContextBootstrapper - Using TestExecutionListeners: [org.springframework.test.context.web.ServletTestExecutionListener@610db97e, org.springframework.test.context.support.DirtiesContextBeforeModesTestExecutionListener@6f0628de, org.springframework.test.context.event.ApplicationEventsTestExecutionListener@3fabf088, org.springframework.boot.test.mock.mockito.MockitoTestExecutionListener@1e392345, org.springframework.boot.test.autoconfigure.SpringBootDependencyInjectionTestExecutionListener@12f3afb5, org.springframework.test.context.support.DirtiesContextTestExecutionListener@4ced35ed, org.springframework.test.context.transaction.TransactionalTestExecutionListener@2c22a348, org.springframework.test.context.jdbc.SqlScriptsTestExecutionListener@7bd69e82, org.springframework.test.context.event.EventPublishingTestExecutionListener@74d7184a, org.springframework.boot.test.autoconfigure.restdocs.RestDocsTestExecutionListener@51b01960, org.springframework.boot.test.autoconfigure.web.client.MockRestServiceServerResetTestExecutionListener@6831d8fd, org.springframework.boot.test.autoconfigure.web.servlet.MockMvcPrintOnlyOnFailureTestExecutionListener@27dc79f7, org.springframework.boot.test.autoconfigure.web.servlet.WebDriverTestExecutionListener@6b85300e, org.springframework.boot.test.autoconfigure.webservices.client.MockWebServiceServerTestExecutionListener@3aaf4f07, org.springframework.boot.test.mock.mockito.ResetMocksTestExecutionListener@5cbf9e9f]
20:01:59.765 [Test worker] DEBUG org.springframework.test.context.support.AbstractDirtiesContextTestExecutionListener - Before test class: context [DefaultTestContext@24b52d3e testClass = WeatherControllerTest, testInstance = [null], testMethod = [null], testException = [null], mergedContextConfiguration = [WebMergedContextConfiguration@15deb1dc testClass = WeatherControllerTest, locations = '{}', classes = '{class org.cresta.weather.App}', contextInitializerClasses = '[]', activeProfiles = '{}', propertySourceLocations = '{}', propertySourceProperties = '{org.springframework.boot.test.context.SpringBootTestContextBootstrapper=true}', contextCustomizers = set[org.springframework.boot.test.autoconfigure.actuate.metrics.MetricsExportContextCustomizerFactory$DisableMetricExportContextCustomizer@63b1d4fa, org.springframework.boot.test.autoconfigure.properties.PropertyMappingContextCustomizer@0, org.springframework.boot.test.autoconfigure.web.servlet.WebDriverContextCustomizerFactory$Customizer@41e350f1, org.springframework.boot.test.context.filter.ExcludeFilterContextCustomizer@75d0911a, org.springframework.boot.test.json.DuplicateJsonObjectContextCustomizerFactory$DuplicateJsonObjectContextCustomizer@531c311e, org.springframework.boot.test.mock.mockito.MockitoContextCustomizer@0, org.springframework.boot.test.web.client.TestRestTemplateContextCustomizer@37b70343, org.springframework.boot.test.context.SpringBootTestArgs@1, org.springframework.boot.test.context.SpringBootTestWebEnvironment@36804139], resourceBasePath = 'src/main/webapp', contextLoader = 'org.springframework.boot.test.context.SpringBootContextLoader', parent = [null]], attributes = map['org.springframework.test.context.web.ServletTestExecutionListener.activateListener' -> true]], class annotated with @DirtiesContext [false] with mode [null].

  .   ____          _            __ _ _
 /\\ / ___'_ __ _ _(_)_ __  __ _ \ \ \ \
( ( )\___ | '_ | '_| | '_ \/ _` | \ \ \ \
 \\/  ___)| |_)| | | | | || (_| |  ) ) ) )
  '  |____| .__|_| |_|_| |_\__, | / / / /
 =========|_|==============|___/=/_/_/_/
 :: Spring Boot ::                (v2.6.6)

2022-05-30 20:02:00.149  INFO 94229 --- [    Test worker] o.c.w.controller.WeatherControllerTest   : Starting WeatherControllerTest using Java 11.0.15 on Matts-MacBook-Pro.local with PID 94229 (started by mdegraffenreid in /Users/mdegraffenreid/Documents/GitHub/cresta-weather-java)
2022-05-30 20:02:00.151  INFO 94229 --- [    Test worker] o.c.w.controller.WeatherControllerTest   : No active profile set, falling back to 1 default profile: "default"
2022-05-30 20:02:00.865  INFO 94229 --- [    Test worker] .s.d.r.c.RepositoryConfigurationDelegate : Bootstrapping Spring Data JPA repositories in DEFAULT mode.
2022-05-30 20:02:00.882  INFO 94229 --- [    Test worker] .s.d.r.c.RepositoryConfigurationDelegate : Finished Spring Data repository scanning in 7 ms. Found 0 JPA repository interfaces.
2022-05-30 20:02:01.465  INFO 94229 --- [    Test worker] com.zaxxer.hikari.HikariDataSource       : HikariPool-1 - Starting...
2022-05-30 20:02:01.652  INFO 94229 --- [    Test worker] com.zaxxer.hikari.HikariDataSource       : HikariPool-1 - Start completed.
2022-05-30 20:02:01.732  INFO 94229 --- [    Test worker] o.hibernate.jpa.internal.util.LogHelper  : HHH000204: Processing PersistenceUnitInfo [name: default]
2022-05-30 20:02:01.786  INFO 94229 --- [    Test worker] org.hibernate.Version                    : HHH000412: Hibernate ORM core version 5.6.7.Final
2022-05-30 20:02:02.054  INFO 94229 --- [    Test worker] o.hibernate.annotations.common.Version   : HCANN000001: Hibernate Commons Annotations {5.1.2.Final}
2022-05-30 20:02:02.206  INFO 94229 --- [    Test worker] org.hibernate.dialect.Dialect            : HHH000400: Using dialect: org.hibernate.dialect.H2Dialect
2022-05-30 20:02:02.425  INFO 94229 --- [    Test worker] o.h.e.t.j.p.i.JtaPlatformInitiator       : HHH000490: Using JtaPlatform implementation: [org.hibernate.engine.transaction.jta.platform.internal.NoJtaPlatform]
2022-05-30 20:02:02.436  INFO 94229 --- [    Test worker] j.LocalContainerEntityManagerFactoryBean : Initialized JPA EntityManagerFactory for persistence unit 'default'
2022-05-30 20:02:03.039  WARN 94229 --- [    Test worker] JpaBaseConfiguration$JpaWebConfiguration : spring.jpa.open-in-view is enabled by default. Therefore, database queries may be performed during view rendering. Explicitly configure spring.jpa.open-in-view to disable this warning
2022-05-30 20:02:03.289  INFO 94229 --- [    Test worker] o.s.b.a.h2.H2ConsoleAutoConfiguration    : H2 console available at '/h2-console'. Database available at 'jdbc:h2:mem:testdb'
2022-05-30 20:02:03.714  INFO 94229 --- [    Test worker] o.c.w.controller.WeatherControllerTest   : Started WeatherControllerTest in 3.894 seconds (JVM running for 5.431)
]]></system-out>
  <system-err><![CDATA[]]></system-err>
</testsuite>
