<?xml version="1.0" encoding="UTF-8"?>
<testsuite name="org.cresta.weather.service.WeatherServiceTest" tests="1" skipped="0" failures="0" errors="0" timestamp="2022-05-26T09:21:27" hostname="Matts-MacBook-Pro.local" time="0.44">
  <properties/>
  <testcase name="givenLocationThatDoesNotExistShouldThrowNotFoundException()" classname="org.cresta.weather.service.WeatherServiceTest" time="0.44"/>
  <system-out><![CDATA[]]></system-out>
  <system-err><![CDATA[]]></system-err>
</testsuite>
